{"numFailedTestSuites":1,"numFailedTests":2,"numPassedTestSuites":0,"numPassedTests":0,"numPendingTestSuites":0,"numPendingTests":0,"numRuntimeErrorTestSuites":0,"numTodoTests":0,"numTotalTestSuites":1,"numTotalTests":2,"openHandles":[],"snapshot":{"added":0,"didUpdate":false,"failure":false,"filesAdded":0,"filesRemoved":0,"filesRemovedList":[],"filesUnmatched":0,"filesUpdated":0,"matched":0,"total":0,"unchecked":0,"uncheckedKeysByFile":[],"unmatched":0,"updated":0},"startTime":1768372193431,"success":false,"testResults":[{"assertionResults":[{"ancestorTitles":["","POST /store/shipping/quote"],"duration":7,"failureDetails":[{"code":"ERR_VM_DYNAMIC_IMPORT_CALLBACK_MISSING_FLAG"},{}],"failureMessages":["TypeError: A dynamic import callback was invoked without --experimental-vm-modules\n    at importModuleDynamicallyCallback (node:internal/modules/esm/utils:264:11)\n    at configLoaderOverride (D:\\Laragon\\www\\my-medusa-store\\node_modules\\@medusajs\\test-utils\\src\\medusa-test-runner-utils\\config.ts:11:29)\n    at MedusaTestRunner.beforeAll (D:\\Laragon\\www\\my-medusa-store\\node_modules\\@medusajs\\test-utils\\src\\medusa-test-runner.ts:263:33)\n    at Object.<anonymous> (D:\\Laragon\\www\\my-medusa-store\\node_modules\\@medusajs\\test-utils\\src\\medusa-test-runner.ts:376:20)\n    at Promise.then.completed (D:\\Laragon\\www\\my-medusa-store\\node_modules\\jest-circus\\build\\utils.js:298:28)\n    at new Promise (<anonymous>)\n    at callAsyncCircusFn (D:\\Laragon\\www\\my-medusa-store\\node_modules\\jest-circus\\build\\utils.js:231:10)\n    at _callCircusHook (D:\\Laragon\\www\\my-medusa-store\\node_modules\\jest-circus\\build\\run.js:281:40)\n    at async _runTestsForDescribeBlock (D:\\Laragon\\www\\my-medusa-store\\node_modules\\jest-circus\\build\\run.js:95:7)\n    at async _runTestsForDescribeBlock (D:\\Laragon\\www\\my-medusa-store\\node_modules\\jest-circus\\build\\run.js:121:9)\n    at async run (D:\\Laragon\\www\\my-medusa-store\\node_modules\\jest-circus\\build\\run.js:71:3)\n    at async runAndTransformResultsToJestFormat (D:\\Laragon\\www\\my-medusa-store\\node_modules\\jest-circus\\build\\legacy-code-todo-rewrite\\jestAdapterInit.js:122:21)\n    at async jestAdapter (D:\\Laragon\\www\\my-medusa-store\\node_modules\\jest-circus\\build\\legacy-code-todo-rewrite\\jestAdapter.js:79:19)\n    at async runTestInternal (D:\\Laragon\\www\\my-medusa-store\\node_modules\\jest-runner\\build\\runTest.js:367:16)\n    at async runTest (D:\\Laragon\\www\\my-medusa-store\\node_modules\\jest-runner\\build\\runTest.js:444:34)","TypeError: Cannot read properties of null (reading 'resolve')\n    at waitWorkflowExecutions (D:\\Laragon\\www\\my-medusa-store\\node_modules\\@medusajs\\test-utils\\src\\medusa-test-runner-utils\\wait-workflow-executions.ts:11:25)\n    at MedusaTestRunner.afterEach (D:\\Laragon\\www\\my-medusa-store\\node_modules\\@medusajs\\test-utils\\src\\medusa-test-runner.ts:302:35)\n    at Object.<anonymous> (D:\\Laragon\\www\\my-medusa-store\\node_modules\\@medusajs\\test-utils\\src\\medusa-test-runner.ts:385:20)\n    at Promise.then.completed (D:\\Laragon\\www\\my-medusa-store\\node_modules\\jest-circus\\build\\utils.js:298:28)\n    at new Promise (<anonymous>)\n    at callAsyncCircusFn (D:\\Laragon\\www\\my-medusa-store\\node_modules\\jest-circus\\build\\utils.js:231:10)\n    at _callCircusHook (D:\\Laragon\\www\\my-medusa-store\\node_modules\\jest-circus\\build\\run.js:281:40)\n    at processTicksAndRejections (node:internal/process/task_queues:105:5)\n    at async _runTest (D:\\Laragon\\www\\my-medusa-store\\node_modules\\jest-circus\\build\\run.js:254:5)\n    at async _runTestsForDescribeBlock (D:\\Laragon\\www\\my-medusa-store\\node_modules\\jest-circus\\build\\run.js:126:9)\n    at async _runTestsForDescribeBlock (D:\\Laragon\\www\\my-medusa-store\\node_modules\\jest-circus\\build\\run.js:121:9)\n    at async _runTestsForDescribeBlock (D:\\Laragon\\www\\my-medusa-store\\node_modules\\jest-circus\\build\\run.js:121:9)\n    at async run (D:\\Laragon\\www\\my-medusa-store\\node_modules\\jest-circus\\build\\run.js:71:3)\n    at async runAndTransformResultsToJestFormat (D:\\Laragon\\www\\my-medusa-store\\node_modules\\jest-circus\\build\\legacy-code-todo-rewrite\\jestAdapterInit.js:122:21)\n    at async jestAdapter (D:\\Laragon\\www\\my-medusa-store\\node_modules\\jest-circus\\build\\legacy-code-todo-rewrite\\jestAdapter.js:79:19)\n    at async runTestInternal (D:\\Laragon\\www\\my-medusa-store\\node_modules\\jest-runner\\build\\runTest.js:367:16)\n    at async runTest (D:\\Laragon\\www\\my-medusa-store\\node_modules\\jest-runner\\build\\runTest.js:444:34)"],"fullName":" POST /store/shipping/quote returns shipping options for valid payload","invocations":1,"location":null,"numPassingAsserts":0,"retryReasons":[],"status":"failed","title":"returns shipping options for valid payload"},{"ancestorTitles":["","POST /store/shipping/quote"],"duration":4,"failureDetails":[{"code":"ERR_VM_DYNAMIC_IMPORT_CALLBACK_MISSING_FLAG"},{}],"failureMessages":["TypeError: A dynamic import callback was invoked without --experimental-vm-modules\n    at importModuleDynamicallyCallback (node:internal/modules/esm/utils:264:11)\n    at configLoaderOverride (D:\\Laragon\\www\\my-medusa-store\\node_modules\\@medusajs\\test-utils\\src\\medusa-test-runner-utils\\config.ts:11:29)\n    at MedusaTestRunner.beforeAll (D:\\Laragon\\www\\my-medusa-store\\node_modules\\@medusajs\\test-utils\\src\\medusa-test-runner.ts:263:33)\n    at Object.<anonymous> (D:\\Laragon\\www\\my-medusa-store\\node_modules\\@medusajs\\test-utils\\src\\medusa-test-runner.ts:376:20)\n    at Promise.then.completed (D:\\Laragon\\www\\my-medusa-store\\node_modules\\jest-circus\\build\\utils.js:298:28)\n    at new Promise (<anonymous>)\n    at callAsyncCircusFn (D:\\Laragon\\www\\my-medusa-store\\node_modules\\jest-circus\\build\\utils.js:231:10)\n    at _callCircusHook (D:\\Laragon\\www\\my-medusa-store\\node_modules\\jest-circus\\build\\run.js:281:40)\n    at async _runTestsForDescribeBlock (D:\\Laragon\\www\\my-medusa-store\\node_modules\\jest-circus\\build\\run.js:95:7)\n    at async _runTestsForDescribeBlock (D:\\Laragon\\www\\my-medusa-store\\node_modules\\jest-circus\\build\\run.js:121:9)\n    at async run (D:\\Laragon\\www\\my-medusa-store\\node_modules\\jest-circus\\build\\run.js:71:3)\n    at async runAndTransformResultsToJestFormat (D:\\Laragon\\www\\my-medusa-store\\node_modules\\jest-circus\\build\\legacy-code-todo-rewrite\\jestAdapterInit.js:122:21)\n    at async jestAdapter (D:\\Laragon\\www\\my-medusa-store\\node_modules\\jest-circus\\build\\legacy-code-todo-rewrite\\jestAdapter.js:79:19)\n    at async runTestInternal (D:\\Laragon\\www\\my-medusa-store\\node_modules\\jest-runner\\build\\runTest.js:367:16)\n    at async runTest (D:\\Laragon\\www\\my-medusa-store\\node_modules\\jest-runner\\build\\runTest.js:444:34)","TypeError: Cannot read properties of null (reading 'resolve')\n    at waitWorkflowExecutions (D:\\Laragon\\www\\my-medusa-store\\node_modules\\@medusajs\\test-utils\\src\\medusa-test-runner-utils\\wait-workflow-executions.ts:11:25)\n    at MedusaTestRunner.afterEach (D:\\Laragon\\www\\my-medusa-store\\node_modules\\@medusajs\\test-utils\\src\\medusa-test-runner.ts:302:35)\n    at Object.<anonymous> (D:\\Laragon\\www\\my-medusa-store\\node_modules\\@medusajs\\test-utils\\src\\medusa-test-runner.ts:385:20)\n    at Promise.then.completed (D:\\Laragon\\www\\my-medusa-store\\node_modules\\jest-circus\\build\\utils.js:298:28)\n    at new Promise (<anonymous>)\n    at callAsyncCircusFn (D:\\Laragon\\www\\my-medusa-store\\node_modules\\jest-circus\\build\\utils.js:231:10)\n    at _callCircusHook (D:\\Laragon\\www\\my-medusa-store\\node_modules\\jest-circus\\build\\run.js:281:40)\n    at processTicksAndRejections (node:internal/process/task_queues:105:5)\n    at async _runTest (D:\\Laragon\\www\\my-medusa-store\\node_modules\\jest-circus\\build\\run.js:254:5)\n    at async _runTestsForDescribeBlock (D:\\Laragon\\www\\my-medusa-store\\node_modules\\jest-circus\\build\\run.js:126:9)\n    at async _runTestsForDescribeBlock (D:\\Laragon\\www\\my-medusa-store\\node_modules\\jest-circus\\build\\run.js:121:9)\n    at async _runTestsForDescribeBlock (D:\\Laragon\\www\\my-medusa-store\\node_modules\\jest-circus\\build\\run.js:121:9)\n    at async run (D:\\Laragon\\www\\my-medusa-store\\node_modules\\jest-circus\\build\\run.js:71:3)\n    at async runAndTransformResultsToJestFormat (D:\\Laragon\\www\\my-medusa-store\\node_modules\\jest-circus\\build\\legacy-code-todo-rewrite\\jestAdapterInit.js:122:21)\n    at async jestAdapter (D:\\Laragon\\www\\my-medusa-store\\node_modules\\jest-circus\\build\\legacy-code-todo-rewrite\\jestAdapter.js:79:19)\n    at async runTestInternal (D:\\Laragon\\www\\my-medusa-store\\node_modules\\jest-runner\\build\\runTest.js:367:16)\n    at async runTest (D:\\Laragon\\www\\my-medusa-store\\node_modules\\jest-runner\\build\\runTest.js:444:34)"],"fullName":" POST /store/shipping/quote returns 400 for invalid payload","invocations":1,"location":null,"numPassingAsserts":0,"retryReasons":[],"status":"failed","title":"returns 400 for invalid payload"}],"endTime":1768372200056,"message":"  ●  › POST /store/shipping/quote › returns shipping options for valid payload\n\n    TypeError: A dynamic import callback was invoked without --experimental-vm-modules\n\n      at configLoaderOverride (node_modules/@medusajs/test-utils/src/medusa-test-runner-utils/config.ts:11:29)\n      at MedusaTestRunner.beforeAll (node_modules/@medusajs/test-utils/src/medusa-test-runner.ts:263:33)\n      at Object.<anonymous> (node_modules/@medusajs/test-utils/src/medusa-test-runner.ts:376:20)\n\n  ●  › POST /store/shipping/quote › returns shipping options for valid payload\n\n    TypeError: Cannot read properties of null (reading 'resolve')\n\n      at waitWorkflowExecutions (node_modules/@medusajs/test-utils/src/medusa-test-runner-utils/wait-workflow-executions.ts:11:25)\n      at MedusaTestRunner.afterEach (node_modules/@medusajs/test-utils/src/medusa-test-runner.ts:302:35)\n      at Object.<anonymous> (node_modules/@medusajs/test-utils/src/medusa-test-runner.ts:385:20)\n\n  ●  › POST /store/shipping/quote › returns 400 for invalid payload\n\n    TypeError: A dynamic import callback was invoked without --experimental-vm-modules\n\n      at configLoaderOverride (node_modules/@medusajs/test-utils/src/medusa-test-runner-utils/config.ts:11:29)\n      at MedusaTestRunner.beforeAll (node_modules/@medusajs/test-utils/src/medusa-test-runner.ts:263:33)\n      at Object.<anonymous> (node_modules/@medusajs/test-utils/src/medusa-test-runner.ts:376:20)\n\n  ●  › POST /store/shipping/quote › returns 400 for invalid payload\n\n    TypeError: Cannot read properties of null (reading 'resolve')\n\n      at waitWorkflowExecutions (node_modules/@medusajs/test-utils/src/medusa-test-runner-utils/wait-workflow-executions.ts:11:25)\n      at MedusaTestRunner.afterEach (node_modules/@medusajs/test-utils/src/medusa-test-runner.ts:302:35)\n      at Object.<anonymous> (node_modules/@medusajs/test-utils/src/medusa-test-runner.ts:385:20)\n","name":"D:\\Laragon\\www\\my-medusa-store\\tests\\integration\\api\\shipping-quote.spec.ts","startTime":1768372193589,"status":"failed","summary":""}],"wasInterrupted":false}
